<?xml version="1.0" encoding="UTF-8"?>
<!-- Generated by org.testng.reporters.JUnitReportReporter -->
<testsuite hostname="MYSHEC524850L" failures="0" tests="1" name="com.tests.DemoTest" time="105.005" errors="0" timestamp="2025-03-26T16:33:56 IST" skipped="0">
  <testcase classname="com.tests.DemoTest" name="searchItems" time="105.005"/>
</testsuite> <!-- com.tests.DemoTest -->
