<?xml version="1.0" encoding="UTF-8"?>
<!-- Generated by org.testng.reporters.JUnitReportReporter -->
<testsuite hostname="DESKTOP-GVBKGOP" failures="0" tests="3" name="com.tests.DemoTest" time="230.393" errors="0" timestamp="2025-04-27T15:24:24 IST" skipped="0">
  <testcase classname="com.tests.DemoTest" name="itemsCount" time="121.813"/>
  <testcase classname="com.tests.DemoTest" name="saveProducts" time="56.111"/>
  <testcase classname="com.tests.DemoTest" name="searchItems" time="52.469"/>
</testsuite> <!-- com.tests.DemoTest -->
